This file contains any messages produced by compilers while
running configure, to aid debugging if configure makes a mistake.

It was created by libsecp256k1 configure 0.1, which was
generated by GNU Autoconf 2.68.  Invocation command line was

  $ ./configure --disable-option-checking --prefix=/usr/local -disable-upnp-default -disable-tests --with-incompatible-bdb -with-qt-incdir=/c/Qt/5.3.2/include -with-qt-libdir=/c/Qt/5.3.2/lib -with-qt-plugindir=/c/Qt/5.3.2/plugins -with-qt-bindir=/c/Qt/5.3.2/bin -with-boost-system=mgw49-mt-s-1_57 -with-boost-filesystem=mgw49-mt-s-1_57 -with-boost-program-options=mgw49-mt-s-1_57 -with-boost-thread=mgw49-mt-s-1_57 -with-boost-chrono=mgw49-mt-s-1_57 -with-protoc-bindir=/d/Coin/BaseLibs/protobuf-2.6.1/src LDFLAGS=-L/d/Coin/BaseLibs/db-6.1.26.NC/build_unix -L/c/deps/boost_1_57_0/stage/lib -L/d/Coin/BaseLibs/openssl-1.0.2d -L/d/Coin/BaseLibs/miniupnpc-1.9 -L/d/Coin/BaseLibs/protobuf-2.6.1/src/.libs -L/d/Coin/BaseLibs/libpng-1.6.16/.libs -L/d/Coin/BaseLibs/qrencode-3.4.4/.libs -L/d/Coin/BaseLibs/gmp-6.0.0/.libs CPPFLAGS=-I/d/Coin/BaseLibs/db-6.1.26.NC/build_unix -I/c/deps/boost_1_57_0 -I/d/Coin/BaseLibs/openssl-1.0.2d/include -I/d/Coin/BaseLibs -I/d/Coin/BaseLibs/protobuf-2.6.1/src -I/d/Coin/BaseLibs/libpng-1.6.16 -I/d/Coin/BaseLibs/qrencode-3.4.4 -I/d/Coin/BaseLibs/gmp-6.0.0 --disable-shared --with-pic --cache-file=/dev/null --srcdir=.

## --------- ##
## Platform. ##
## --------- ##

hostname = DC01Pi337
uname -m = i686
uname -r = 1.0.19(0.48/3/2)
uname -s = MINGW32_NT-6.1
uname -v = 2016-07-13 17:45

/usr/bin/uname -p = unknown
/bin/uname -X     = unknown

/bin/arch              = unknown
/usr/bin/arch -k       = unknown
/usr/convex/getsysinfo = unknown
/usr/bin/hostinfo      = unknown
/bin/machine           = unknown
/usr/bin/oslevel       = unknown
/bin/universe          = unknown

PATH: .
PATH: /usr/local/bin
PATH: /mingw/bin
PATH: /bin
PATH: /c/mingw32/bin
PATH: /c/Python33/
PATH: /c/Perl64/site/bin
PATH: /c/Perl64/bin
PATH: /c/Program Files (x86)/NVIDIA Corporation/PhysX/Common
PATH: /c/Program Files (x86)/Intel/iCLS Client/
PATH: /c/Program Files/Intel/iCLS Client/
PATH: /c/Windows/system32
PATH: /c/Windows
PATH: /c/Windows/System32/Wbem
PATH: /c/Windows/System32/WindowsPowerShell/v1.0/
PATH: /c/Program Files/Intel/Intel(R) Management Engine Components/DAL
PATH: /c/Program Files/Intel/Intel(R) Management Engine Components/IPT
PATH: /c/Program Files (x86)/Intel/Intel(R) Management Engine Components/DAL
PATH: /c/Program Files (x86)/Intel/Intel(R) Management Engine Components/IPT
PATH: /c/Program Files/PuTTY/
PATH: /c/Program Files (x86)/Bitvise SSH Client
PATH: /c/Program Files (x86)/DreamStream-E2/dll
PATH: /c/Program Files (x86)/Common Files/Ulead Systems/MPEG
PATH: /c/Program Files/nodejs/
PATH: /c/Program Files/Git/cmd
PATH: /c/Users/Microwins/AppData/Local/GitHubDesktop/bin
PATH: /c/Users/Microwins/AppData/Local/atom/bin
PATH: /c/Users/Microwins/AppData/Roaming/npm


## ----------- ##
## Core tests. ##
## ----------- ##

configure:2249: checking build system type
configure:2263: result: i686-pc-mingw32
configure:2283: checking host system type
configure:2296: result: i686-pc-mingw32
configure:2335: checking for a BSD-compatible install
configure:2403: result: /bin/install -c
configure:2414: checking whether build environment is sane
configure:2464: result: yes
configure:2605: checking for a thread-safe mkdir -p
configure:2644: result: /bin/mkdir -p
configure:2657: checking for gawk
configure:2673: found /bin/gawk
configure:2684: result: gawk
configure:2695: checking whether make sets $(MAKE)
configure:2717: result: yes
configure:2843: checking how to print strings
configure:2870: result: printf
configure:2903: checking for style of include used by make
configure:2931: result: GNU
configure:3001: checking for gcc
configure:3017: found /c/mingw32/bin/gcc
configure:3028: result: gcc
configure:3257: checking for C compiler version
configure:3266: gcc --version >&5
gcc.exe (i686-posix-dwarf-rev1, Built by MinGW-W64 project) 4.9.2
Copyright (C) 2014 Free Software Foundation, Inc.
This is free software; see the source for copying conditions.  There is NO
warranty; not even for MERCHANTABILITY or FITNESS FOR A PARTICULAR PURPOSE.

configure:3277: $? = 0
configure:3266: gcc -v >&5
Using built-in specs.
COLLECT_GCC=c:\mingw32\bin\gcc.exe
COLLECT_LTO_WRAPPER=c:/mingw32/bin/../libexec/gcc/i686-w64-mingw32/4.9.2/lto-wrapper.exe
Target: i686-w64-mingw32
Configured with: ../../../src/gcc-4.9.2/configure --host=i686-w64-mingw32 --build=i686-w64-mingw32 --target=i686-w64-mingw32 --prefix=/mingw32 --with-sysroot=/c/mingw492/i686-492-posix-dwarf-rt_v3-rev1/mingw32 --with-gxx-include-dir=/mingw32/i686-w64-mingw32/include/c++ --enable-shared --enable-static --disable-multilib --enable-languages=ada,c,c++,fortran,objc,obj-c++,lto --enable-libstdcxx-time=yes --enable-threads=posix --enable-libgomp --enable-libatomic --enable-lto --enable-graphite --enable-checking=release --enable-fully-dynamic-string --enable-version-specific-runtime-libs --disable-sjlj-exceptions --with-dwarf2 --disable-isl-version-check --disable-cloog-version-check --disable-libstdcxx-pch --disable-libstdcxx-debug --enable-bootstrap --disable-rpath --disable-win32-registry --disable-nls --disable-werror --disable-symvers --with-gnu-as --with-gnu-ld --with-arch=i686 --with-tune=generic --with-libiconv --with-system-zlib --with-gmp=/c/mingw492/prerequisites/i686-w64-mingw32-static --with-mpfr=/c/mingw492/prerequisites/i686-w64-mingw32-static --with-mpc=/c/mingw492/prerequisites/i686-w64-mingw32-static --with-isl=/c/mingw492/prerequisites/i686-w64-mingw32-static --with-cloog=/c/mingw492/prerequisites/i686-w64-mingw32-static --enable-cloog-backend=isl --with-pkgversion='i686-posix-dwarf-rev1, Built by MinGW-W64 project' --with-bugurl=http://sourceforge.net/projects/mingw-w64 CFLAGS='-O2 -pipe -I/c/mingw492/i686-492-posix-dwarf-rt_v3-rev1/mingw32/opt/include -I/c/mingw492/prerequisites/i686-zlib-static/include -I/c/mingw492/prerequisites/i686-w64-mingw32-static/include' CXXFLAGS='-O2 -pipe -I/c/mingw492/i686-492-posix-dwarf-rt_v3-rev1/mingw32/opt/include -I/c/mingw492/prerequisites/i686-zlib-static/include -I/c/mingw492/prerequisites/i686-w64-mingw32-static/include' CPPFLAGS= LDFLAGS='-pipe -L/c/mingw492/i686-492-posix-dwarf-rt_v3-rev1/mingw32/opt/lib -L/c/mingw492/prerequisites/i686-zlib-static/lib -L/c/mingw492/prerequisites/i686-w64-mingw32-static/lib -Wl,--large-address-aware'
Thread model: posix
gcc version 4.9.2 (i686-posix-dwarf-rev1, Built by MinGW-W64 project) 
configure:3277: $? = 0
configure:3266: gcc -V >&5
gcc.exe: error: unrecognized command line option '-V'
gcc.exe: fatal error: no input files
compilation terminated.
configure:3277: $? = 1
configure:3266: gcc -qversion >&5
gcc.exe: error: unrecognized command line option '-qversion'
gcc.exe: fatal error: no input files
compilation terminated.
configure:3277: $? = 1
configure:3297: checking whether the C compiler works
configure:3319: gcc  -I/d/Coin/BaseLibs/db-6.1.26.NC/build_unix -I/c/deps/boost_1_57_0 -I/d/Coin/BaseLibs/openssl-1.0.2d/include -I/d/Coin/BaseLibs -I/d/Coin/BaseLibs/protobuf-2.6.1/src -I/d/Coin/BaseLibs/libpng-1.6.16 -I/d/Coin/BaseLibs/qrencode-3.4.4 -I/d/Coin/BaseLibs/gmp-6.0.0 -L/d/Coin/BaseLibs/db-6.1.26.NC/build_unix -L/c/deps/boost_1_57_0/stage/lib -L/d/Coin/BaseLibs/openssl-1.0.2d -L/d/Coin/BaseLibs/miniupnpc-1.9 -L/d/Coin/BaseLibs/protobuf-2.6.1/src/.libs -L/d/Coin/BaseLibs/libpng-1.6.16/.libs -L/d/Coin/BaseLibs/qrencode-3.4.4/.libs -L/d/Coin/BaseLibs/gmp-6.0.0/.libs conftest.c  >&5
configure:3323: $? = 0
configure:3371: result: yes
configure:3374: checking for C compiler default output file name
configure:3376: result: a.exe
configure:3382: checking for suffix of executables
configure:3389: gcc -o conftest.exe  -I/d/Coin/BaseLibs/db-6.1.26.NC/build_unix -I/c/deps/boost_1_57_0 -I/d/Coin/BaseLibs/openssl-1.0.2d/include -I/d/Coin/BaseLibs -I/d/Coin/BaseLibs/protobuf-2.6.1/src -I/d/Coin/BaseLibs/libpng-1.6.16 -I/d/Coin/BaseLibs/qrencode-3.4.4 -I/d/Coin/BaseLibs/gmp-6.0.0 -L/d/Coin/BaseLibs/db-6.1.26.NC/build_unix -L/c/deps/boost_1_57_0/stage/lib -L/d/Coin/BaseLibs/openssl-1.0.2d -L/d/Coin/BaseLibs/miniupnpc-1.9 -L/d/Coin/BaseLibs/protobuf-2.6.1/src/.libs -L/d/Coin/BaseLibs/libpng-1.6.16/.libs -L/d/Coin/BaseLibs/qrencode-3.4.4/.libs -L/d/Coin/BaseLibs/gmp-6.0.0/.libs conftest.c  >&5
configure:3393: $? = 0
configure:3415: result: .exe
configure:3437: checking whether we are cross compiling
configure:3445: gcc -o conftest.exe  -I/d/Coin/BaseLibs/db-6.1.26.NC/build_unix -I/c/deps/boost_1_57_0 -I/d/Coin/BaseLibs/openssl-1.0.2d/include -I/d/Coin/BaseLibs -I/d/Coin/BaseLibs/protobuf-2.6.1/src -I/d/Coin/BaseLibs/libpng-1.6.16 -I/d/Coin/BaseLibs/qrencode-3.4.4 -I/d/Coin/BaseLibs/gmp-6.0.0 -L/d/Coin/BaseLibs/db-6.1.26.NC/build_unix -L/c/deps/boost_1_57_0/stage/lib -L/d/Coin/BaseLibs/openssl-1.0.2d -L/d/Coin/BaseLibs/miniupnpc-1.9 -L/d/Coin/BaseLibs/protobuf-2.6.1/src/.libs -L/d/Coin/BaseLibs/libpng-1.6.16/.libs -L/d/Coin/BaseLibs/qrencode-3.4.4/.libs -L/d/Coin/BaseLibs/gmp-6.0.0/.libs conftest.c  >&5
configure:3449: $? = 0
configure:3456: ./conftest.exe
configure:3460: $? = 0
configure:3475: result: no
configure:3480: checking for suffix of object files
configure:3502: gcc -c  -I/d/Coin/BaseLibs/db-6.1.26.NC/build_unix -I/c/deps/boost_1_57_0 -I/d/Coin/BaseLibs/openssl-1.0.2d/include -I/d/Coin/BaseLibs -I/d/Coin/BaseLibs/protobuf-2.6.1/src -I/d/Coin/BaseLibs/libpng-1.6.16 -I/d/Coin/BaseLibs/qrencode-3.4.4 -I/d/Coin/BaseLibs/gmp-6.0.0 conftest.c >&5
configure:3506: $? = 0
configure:3527: result: o
configure:3531: checking whether we are using the GNU C compiler
configure:3550: gcc -c  -I/d/Coin/BaseLibs/db-6.1.26.NC/build_unix -I/c/deps/boost_1_57_0 -I/d/Coin/BaseLibs/openssl-1.0.2d/include -I/d/Coin/BaseLibs -I/d/Coin/BaseLibs/protobuf-2.6.1/src -I/d/Coin/BaseLibs/libpng-1.6.16 -I/d/Coin/BaseLibs/qrencode-3.4.4 -I/d/Coin/BaseLibs/gmp-6.0.0 conftest.c >&5
configure:3550: $? = 0
configure:3559: result: yes
configure:3568: checking whether gcc accepts -g
configure:3588: gcc -c -g -I/d/Coin/BaseLibs/db-6.1.26.NC/build_unix -I/c/deps/boost_1_57_0 -I/d/Coin/BaseLibs/openssl-1.0.2d/include -I/d/Coin/BaseLibs -I/d/Coin/BaseLibs/protobuf-2.6.1/src -I/d/Coin/BaseLibs/libpng-1.6.16 -I/d/Coin/BaseLibs/qrencode-3.4.4 -I/d/Coin/BaseLibs/gmp-6.0.0 conftest.c >&5
configure:3588: $? = 0
configure:3629: result: yes
configure:3646: checking for gcc option to accept ISO C89
configure:3710: gcc  -c -g -O2 -I/d/Coin/BaseLibs/db-6.1.26.NC/build_unix -I/c/deps/boost_1_57_0 -I/d/Coin/BaseLibs/openssl-1.0.2d/include -I/d/Coin/BaseLibs -I/d/Coin/BaseLibs/protobuf-2.6.1/src -I/d/Coin/BaseLibs/libpng-1.6.16 -I/d/Coin/BaseLibs/qrencode-3.4.4 -I/d/Coin/BaseLibs/gmp-6.0.0 conftest.c >&5
configure:3710: $? = 0
configure:3723: result: none needed
configure:3745: checking dependency style of gcc
configure:3855: result: gcc3
configure:3870: checking for a sed that does not truncate output
configure:3934: result: /bin/sed
configure:3952: checking for grep that handles long lines and -e
configure:4010: result: /bin/grep
configure:4015: checking for egrep
configure:4077: result: /bin/grep -E
configure:4082: checking for fgrep
configure:4144: result: /bin/grep -F
configure:4179: checking for ld used by gcc
configure:4246: result: c:/mingw32/i686-w64-mingw32/bin/ld.exe
configure:4253: checking if the linker (c:/mingw32/i686-w64-mingw32/bin/ld.exe) is GNU ld
configure:4268: result: yes
configure:4280: checking for BSD- or MS-compatible name lister (nm)
configure:4329: result: /c/mingw32/bin/nm
configure:4459: checking the name lister (/c/mingw32/bin/nm) interface
configure:4466: gcc -c -g -O2 -I/d/Coin/BaseLibs/db-6.1.26.NC/build_unix -I/c/deps/boost_1_57_0 -I/d/Coin/BaseLibs/openssl-1.0.2d/include -I/d/Coin/BaseLibs -I/d/Coin/BaseLibs/protobuf-2.6.1/src -I/d/Coin/BaseLibs/libpng-1.6.16 -I/d/Coin/BaseLibs/qrencode-3.4.4 -I/d/Coin/BaseLibs/gmp-6.0.0 conftest.c >&5
configure:4469: /c/mingw32/bin/nm "conftest.o"
configure:4472: output
00000000 b .bss
00000000 d .data
00000000 N .debug_abbrev
00000000 N .debug_aranges
00000000 N .debug_info
00000000 N .debug_line
00000000 r .rdata$zzz
00000000 t .text
00000000 B _some_variable
configure:4479: result: BSD nm
configure:4482: checking whether ln -s works
configure:4489: result: no, using cp -p
configure:4494: checking the maximum length of command line arguments
configure:4619: result: 8192
configure:4636: checking whether the shell understands some XSI constructs
configure:4646: result: yes
configure:4650: checking whether the shell understands "+="
configure:4656: result: yes
configure:4691: checking how to convert i686-pc-mingw32 file names to i686-pc-mingw32 format
configure:4753: result: func_convert_file_msys_to_w32
configure:4760: checking how to convert i686-pc-mingw32 file names to toolchain format
configure:4780: result: func_convert_file_msys_to_w32
configure:4787: checking for c:/mingw32/i686-w64-mingw32/bin/ld.exe option to reload object files
configure:4794: result: -r
configure:4868: checking for objdump
configure:4884: found /c/mingw32/bin/objdump
configure:4895: result: objdump
configure:4927: checking how to recognize dependent libraries
configure:5129: result: file_magic ^x86 archive import|^x86 DLL
configure:5214: checking for dlltool
configure:5230: found /c/mingw32/bin/dlltool
configure:5241: result: dlltool
configure:5274: checking how to associate runtime and link libraries
configure:5301: result: func_cygming_dll_for_implib
configure:5362: checking for ar
configure:5378: found /c/mingw32/bin/ar
configure:5389: result: ar
configure:5426: checking for archiver @FILE support
configure:5443: gcc -c -g -O2 -I/d/Coin/BaseLibs/db-6.1.26.NC/build_unix -I/c/deps/boost_1_57_0 -I/d/Coin/BaseLibs/openssl-1.0.2d/include -I/d/Coin/BaseLibs -I/d/Coin/BaseLibs/protobuf-2.6.1/src -I/d/Coin/BaseLibs/libpng-1.6.16 -I/d/Coin/BaseLibs/qrencode-3.4.4 -I/d/Coin/BaseLibs/gmp-6.0.0 conftest.c >&5
configure:5443: $? = 0
configure:5446: ar cru libconftest.a @conftest.lst >&5
configure:5449: $? = 0
configure:5454: ar cru libconftest.a @conftest.lst >&5
c:\mingw32\bin\ar.exe: conftest.o: No such file or directory
configure:5457: $? = 1
configure:5469: result: @
configure:5527: checking for strip
configure:5543: found /c/mingw32/bin/strip
configure:5554: result: strip
configure:5626: checking for ranlib
configure:5642: found /c/mingw32/bin/ranlib
configure:5653: result: ranlib
configure:5755: checking command to parse /c/mingw32/bin/nm output from gcc object
configure:5874: gcc -c -g -O2 -I/d/Coin/BaseLibs/db-6.1.26.NC/build_unix -I/c/deps/boost_1_57_0 -I/d/Coin/BaseLibs/openssl-1.0.2d/include -I/d/Coin/BaseLibs -I/d/Coin/BaseLibs/protobuf-2.6.1/src -I/d/Coin/BaseLibs/libpng-1.6.16 -I/d/Coin/BaseLibs/qrencode-3.4.4 -I/d/Coin/BaseLibs/gmp-6.0.0 conftest.c >&5
configure:5877: $? = 0
configure:5881: /c/mingw32/bin/nm conftest.o \| sed -n -e 's/^.*[ ]\([ABCDGIRSTW][ABCDGIRSTW]*\)[ ][ ]*\([_A-Za-z][_A-Za-z0-9]*\)\{0,1\}$/\1 \2 \2/p' | sed '/ __gnu_lto/d' \> conftest.nm
configure:5884: $? = 0
cannot find nm_test_var in conftest.nm
configure:5874: gcc -c -g -O2 -I/d/Coin/BaseLibs/db-6.1.26.NC/build_unix -I/c/deps/boost_1_57_0 -I/d/Coin/BaseLibs/openssl-1.0.2d/include -I/d/Coin/BaseLibs -I/d/Coin/BaseLibs/protobuf-2.6.1/src -I/d/Coin/BaseLibs/libpng-1.6.16 -I/d/Coin/BaseLibs/qrencode-3.4.4 -I/d/Coin/BaseLibs/gmp-6.0.0 conftest.c >&5
configure:5877: $? = 0
configure:5881: /c/mingw32/bin/nm conftest.o \| sed -n -e 's/^.*[ ]\([ABCDGIRSTW][ABCDGIRSTW]*\)[ ][ ]*_\([_A-Za-z][_A-Za-z0-9]*\)\{0,1\}$/\1 _\2 \2/p' | sed '/ __gnu_lto/d' \> conftest.nm
configure:5884: $? = 0
configure:5950: gcc -o conftest.exe -g -O2 -I/d/Coin/BaseLibs/db-6.1.26.NC/build_unix -I/c/deps/boost_1_57_0 -I/d/Coin/BaseLibs/openssl-1.0.2d/include -I/d/Coin/BaseLibs -I/d/Coin/BaseLibs/protobuf-2.6.1/src -I/d/Coin/BaseLibs/libpng-1.6.16 -I/d/Coin/BaseLibs/qrencode-3.4.4 -I/d/Coin/BaseLibs/gmp-6.0.0 -L/d/Coin/BaseLibs/db-6.1.26.NC/build_unix -L/c/deps/boost_1_57_0/stage/lib -L/d/Coin/BaseLibs/openssl-1.0.2d -L/d/Coin/BaseLibs/miniupnpc-1.9 -L/d/Coin/BaseLibs/protobuf-2.6.1/src/.libs -L/d/Coin/BaseLibs/libpng-1.6.16/.libs -L/d/Coin/BaseLibs/qrencode-3.4.4/.libs -L/d/Coin/BaseLibs/gmp-6.0.0/.libs conftest.c conftstm.o >&5
configure:5953: $? = 0
configure:5991: result: ok
configure:6028: checking for sysroot
configure:6058: result: no
configure:6301: checking for mt
configure:6331: result: no
configure:6351: checking if : is a manifest tool
configure:6357: : '-?'
configure:6365: result: no
configure:6997: checking how to run the C preprocessor
configure:7028: gcc -E -I/d/Coin/BaseLibs/db-6.1.26.NC/build_unix -I/c/deps/boost_1_57_0 -I/d/Coin/BaseLibs/openssl-1.0.2d/include -I/d/Coin/BaseLibs -I/d/Coin/BaseLibs/protobuf-2.6.1/src -I/d/Coin/BaseLibs/libpng-1.6.16 -I/d/Coin/BaseLibs/qrencode-3.4.4 -I/d/Coin/BaseLibs/gmp-6.0.0 conftest.c
configure:7028: $? = 0
configure:7042: gcc -E -I/d/Coin/BaseLibs/db-6.1.26.NC/build_unix -I/c/deps/boost_1_57_0 -I/d/Coin/BaseLibs/openssl-1.0.2d/include -I/d/Coin/BaseLibs -I/d/Coin/BaseLibs/protobuf-2.6.1/src -I/d/Coin/BaseLibs/libpng-1.6.16 -I/d/Coin/BaseLibs/qrencode-3.4.4 -I/d/Coin/BaseLibs/gmp-6.0.0 conftest.c
conftest.c:11:28: fatal error: ac_nonexistent.h: No such file or directory
 #include <ac_nonexistent.h>
                            ^
compilation terminated.
configure:7042: $? = 1
configure: failed program was:
| /* confdefs.h */
| #define PACKAGE_NAME "libsecp256k1"
| #define PACKAGE_TARNAME "libsecp256k1"
| #define PACKAGE_VERSION "0.1"
| #define PACKAGE_STRING "libsecp256k1 0.1"
| #define PACKAGE_BUGREPORT ""
| #define PACKAGE_URL ""
| #define PACKAGE "libsecp256k1"
| #define VERSION "0.1"
| /* end confdefs.h.  */
| #include <ac_nonexistent.h>
configure:7067: result: gcc -E
configure:7087: gcc -E -I/d/Coin/BaseLibs/db-6.1.26.NC/build_unix -I/c/deps/boost_1_57_0 -I/d/Coin/BaseLibs/openssl-1.0.2d/include -I/d/Coin/BaseLibs -I/d/Coin/BaseLibs/protobuf-2.6.1/src -I/d/Coin/BaseLibs/libpng-1.6.16 -I/d/Coin/BaseLibs/qrencode-3.4.4 -I/d/Coin/BaseLibs/gmp-6.0.0 conftest.c
configure:7087: $? = 0
configure:7101: gcc -E -I/d/Coin/BaseLibs/db-6.1.26.NC/build_unix -I/c/deps/boost_1_57_0 -I/d/Coin/BaseLibs/openssl-1.0.2d/include -I/d/Coin/BaseLibs -I/d/Coin/BaseLibs/protobuf-2.6.1/src -I/d/Coin/BaseLibs/libpng-1.6.16 -I/d/Coin/BaseLibs/qrencode-3.4.4 -I/d/Coin/BaseLibs/gmp-6.0.0 conftest.c
conftest.c:11:28: fatal error: ac_nonexistent.h: No such file or directory
 #include <ac_nonexistent.h>
                            ^
compilation terminated.
configure:7101: $? = 1
configure: failed program was:
| /* confdefs.h */
| #define PACKAGE_NAME "libsecp256k1"
| #define PACKAGE_TARNAME "libsecp256k1"
| #define PACKAGE_VERSION "0.1"
| #define PACKAGE_STRING "libsecp256k1 0.1"
| #define PACKAGE_BUGREPORT ""
| #define PACKAGE_URL ""
| #define PACKAGE "libsecp256k1"
| #define VERSION "0.1"
| /* end confdefs.h.  */
| #include <ac_nonexistent.h>
configure:7130: checking for ANSI C header files
configure:7150: gcc -c -g -O2 -I/d/Coin/BaseLibs/db-6.1.26.NC/build_unix -I/c/deps/boost_1_57_0 -I/d/Coin/BaseLibs/openssl-1.0.2d/include -I/d/Coin/BaseLibs -I/d/Coin/BaseLibs/protobuf-2.6.1/src -I/d/Coin/BaseLibs/libpng-1.6.16 -I/d/Coin/BaseLibs/qrencode-3.4.4 -I/d/Coin/BaseLibs/gmp-6.0.0 conftest.c >&5
configure:7150: $? = 0
configure:7223: gcc -o conftest.exe -g -O2 -I/d/Coin/BaseLibs/db-6.1.26.NC/build_unix -I/c/deps/boost_1_57_0 -I/d/Coin/BaseLibs/openssl-1.0.2d/include -I/d/Coin/BaseLibs -I/d/Coin/BaseLibs/protobuf-2.6.1/src -I/d/Coin/BaseLibs/libpng-1.6.16 -I/d/Coin/BaseLibs/qrencode-3.4.4 -I/d/Coin/BaseLibs/gmp-6.0.0 -L/d/Coin/BaseLibs/db-6.1.26.NC/build_unix -L/c/deps/boost_1_57_0/stage/lib -L/d/Coin/BaseLibs/openssl-1.0.2d -L/d/Coin/BaseLibs/miniupnpc-1.9 -L/d/Coin/BaseLibs/protobuf-2.6.1/src/.libs -L/d/Coin/BaseLibs/libpng-1.6.16/.libs -L/d/Coin/BaseLibs/qrencode-3.4.4/.libs -L/d/Coin/BaseLibs/gmp-6.0.0/.libs conftest.c  >&5
configure:7223: $? = 0
configure:7223: ./conftest.exe
configure:7223: $? = 0
configure:7234: result: yes
configure:7247: checking for sys/types.h
configure:7247: gcc -c -g -O2 -I/d/Coin/BaseLibs/db-6.1.26.NC/build_unix -I/c/deps/boost_1_57_0 -I/d/Coin/BaseLibs/openssl-1.0.2d/include -I/d/Coin/BaseLibs -I/d/Coin/BaseLibs/protobuf-2.6.1/src -I/d/Coin/BaseLibs/libpng-1.6.16 -I/d/Coin/BaseLibs/qrencode-3.4.4 -I/d/Coin/BaseLibs/gmp-6.0.0 conftest.c >&5
configure:7247: $? = 0
configure:7247: result: yes
configure:7247: checking for sys/stat.h
configure:7247: gcc -c -g -O2 -I/d/Coin/BaseLibs/db-6.1.26.NC/build_unix -I/c/deps/boost_1_57_0 -I/d/Coin/BaseLibs/openssl-1.0.2d/include -I/d/Coin/BaseLibs -I/d/Coin/BaseLibs/protobuf-2.6.1/src -I/d/Coin/BaseLibs/libpng-1.6.16 -I/d/Coin/BaseLibs/qrencode-3.4.4 -I/d/Coin/BaseLibs/gmp-6.0.0 conftest.c >&5
configure:7247: $? = 0
configure:7247: result: yes
configure:7247: checking for stdlib.h
configure:7247: gcc -c -g -O2 -I/d/Coin/BaseLibs/db-6.1.26.NC/build_unix -I/c/deps/boost_1_57_0 -I/d/Coin/BaseLibs/openssl-1.0.2d/include -I/d/Coin/BaseLibs -I/d/Coin/BaseLibs/protobuf-2.6.1/src -I/d/Coin/BaseLibs/libpng-1.6.16 -I/d/Coin/BaseLibs/qrencode-3.4.4 -I/d/Coin/BaseLibs/gmp-6.0.0 conftest.c >&5
configure:7247: $? = 0
configure:7247: result: yes
configure:7247: checking for string.h
configure:7247: gcc -c -g -O2 -I/d/Coin/BaseLibs/db-6.1.26.NC/build_unix -I/c/deps/boost_1_57_0 -I/d/Coin/BaseLibs/openssl-1.0.2d/include -I/d/Coin/BaseLibs -I/d/Coin/BaseLibs/protobuf-2.6.1/src -I/d/Coin/BaseLibs/libpng-1.6.16 -I/d/Coin/BaseLibs/qrencode-3.4.4 -I/d/Coin/BaseLibs/gmp-6.0.0 conftest.c >&5
configure:7247: $? = 0
configure:7247: result: yes
configure:7247: checking for memory.h
configure:7247: gcc -c -g -O2 -I/d/Coin/BaseLibs/db-6.1.26.NC/build_unix -I/c/deps/boost_1_57_0 -I/d/Coin/BaseLibs/openssl-1.0.2d/include -I/d/Coin/BaseLibs -I/d/Coin/BaseLibs/protobuf-2.6.1/src -I/d/Coin/BaseLibs/libpng-1.6.16 -I/d/Coin/BaseLibs/qrencode-3.4.4 -I/d/Coin/BaseLibs/gmp-6.0.0 conftest.c >&5
configure:7247: $? = 0
configure:7247: result: yes
configure:7247: checking for strings.h
configure:7247: gcc -c -g -O2 -I/d/Coin/BaseLibs/db-6.1.26.NC/build_unix -I/c/deps/boost_1_57_0 -I/d/Coin/BaseLibs/openssl-1.0.2d/include -I/d/Coin/BaseLibs -I/d/Coin/BaseLibs/protobuf-2.6.1/src -I/d/Coin/BaseLibs/libpng-1.6.16 -I/d/Coin/BaseLibs/qrencode-3.4.4 -I/d/Coin/BaseLibs/gmp-6.0.0 conftest.c >&5
configure:7247: $? = 0
configure:7247: result: yes
configure:7247: checking for inttypes.h
configure:7247: gcc -c -g -O2 -I/d/Coin/BaseLibs/db-6.1.26.NC/build_unix -I/c/deps/boost_1_57_0 -I/d/Coin/BaseLibs/openssl-1.0.2d/include -I/d/Coin/BaseLibs -I/d/Coin/BaseLibs/protobuf-2.6.1/src -I/d/Coin/BaseLibs/libpng-1.6.16 -I/d/Coin/BaseLibs/qrencode-3.4.4 -I/d/Coin/BaseLibs/gmp-6.0.0 conftest.c >&5
configure:7247: $? = 0
configure:7247: result: yes
configure:7247: checking for stdint.h
configure:7247: gcc -c -g -O2 -I/d/Coin/BaseLibs/db-6.1.26.NC/build_unix -I/c/deps/boost_1_57_0 -I/d/Coin/BaseLibs/openssl-1.0.2d/include -I/d/Coin/BaseLibs -I/d/Coin/BaseLibs/protobuf-2.6.1/src -I/d/Coin/BaseLibs/libpng-1.6.16 -I/d/Coin/BaseLibs/qrencode-3.4.4 -I/d/Coin/BaseLibs/gmp-6.0.0 conftest.c >&5
configure:7247: $? = 0
configure:7247: result: yes
configure:7247: checking for unistd.h
configure:7247: gcc -c -g -O2 -I/d/Coin/BaseLibs/db-6.1.26.NC/build_unix -I/c/deps/boost_1_57_0 -I/d/Coin/BaseLibs/openssl-1.0.2d/include -I/d/Coin/BaseLibs -I/d/Coin/BaseLibs/protobuf-2.6.1/src -I/d/Coin/BaseLibs/libpng-1.6.16 -I/d/Coin/BaseLibs/qrencode-3.4.4 -I/d/Coin/BaseLibs/gmp-6.0.0 conftest.c >&5
configure:7247: $? = 0
configure:7247: result: yes
configure:7261: checking for dlfcn.h
configure:7261: gcc -c -g -O2 -I/d/Coin/BaseLibs/db-6.1.26.NC/build_unix -I/c/deps/boost_1_57_0 -I/d/Coin/BaseLibs/openssl-1.0.2d/include -I/d/Coin/BaseLibs -I/d/Coin/BaseLibs/protobuf-2.6.1/src -I/d/Coin/BaseLibs/libpng-1.6.16 -I/d/Coin/BaseLibs/qrencode-3.4.4 -I/d/Coin/BaseLibs/gmp-6.0.0 conftest.c >&5
conftest.c:55:19: fatal error: dlfcn.h: No such file or directory
 #include <dlfcn.h>
                   ^
compilation terminated.
configure:7261: $? = 1
configure: failed program was:
| /* confdefs.h */
| #define PACKAGE_NAME "libsecp256k1"
| #define PACKAGE_TARNAME "libsecp256k1"
| #define PACKAGE_VERSION "0.1"
| #define PACKAGE_STRING "libsecp256k1 0.1"
| #define PACKAGE_BUGREPORT ""
| #define PACKAGE_URL ""
| #define PACKAGE "libsecp256k1"
| #define VERSION "0.1"
| #define STDC_HEADERS 1
| #define HAVE_SYS_TYPES_H 1
| #define HAVE_SYS_STAT_H 1
| #define HAVE_STDLIB_H 1
| #define HAVE_STRING_H 1
| #define HAVE_MEMORY_H 1
| #define HAVE_STRINGS_H 1
| #define HAVE_INTTYPES_H 1
| #define HAVE_STDINT_H 1
| #define HAVE_UNISTD_H 1
| /* end confdefs.h.  */
| #include <stdio.h>
| #ifdef HAVE_SYS_TYPES_H
| # include <sys/types.h>
| #endif
| #ifdef HAVE_SYS_STAT_H
| # include <sys/stat.h>
| #endif
| #ifdef STDC_HEADERS
| # include <stdlib.h>
| # include <stddef.h>
| #else
| # ifdef HAVE_STDLIB_H
| #  include <stdlib.h>
| # endif
| #endif
| #ifdef HAVE_STRING_H
| # if !defined STDC_HEADERS && defined HAVE_MEMORY_H
| #  include <memory.h>
| # endif
| # include <string.h>
| #endif
| #ifdef HAVE_STRINGS_H
| # include <strings.h>
| #endif
| #ifdef HAVE_INTTYPES_H
| # include <inttypes.h>
| #endif
| #ifdef HAVE_STDINT_H
| # include <stdint.h>
| #endif
| #ifdef HAVE_UNISTD_H
| # include <unistd.h>
| #endif
| 
| #include <dlfcn.h>
configure:7261: result: no
configure:7448: checking for objdir
configure:7463: result: .libs
configure:7734: checking if gcc supports -fno-rtti -fno-exceptions
configure:7752: gcc -c -g -O2 -I/d/Coin/BaseLibs/db-6.1.26.NC/build_unix -I/c/deps/boost_1_57_0 -I/d/Coin/BaseLibs/openssl-1.0.2d/include -I/d/Coin/BaseLibs -I/d/Coin/BaseLibs/protobuf-2.6.1/src -I/d/Coin/BaseLibs/libpng-1.6.16 -I/d/Coin/BaseLibs/qrencode-3.4.4 -I/d/Coin/BaseLibs/gmp-6.0.0 -fno-rtti -fno-exceptions conftest.c >&5
cc1.exe: warning: command line option '-fno-rtti' is valid for C++/ObjC++ but not for C
configure:7756: $? = 0
configure:7769: result: no
configure:8079: checking for gcc option to produce PIC
configure:8086: result: -DDLL_EXPORT -DPIC
configure:8094: checking if gcc PIC flag -DDLL_EXPORT -DPIC works
configure:8112: gcc -c -g -O2 -I/d/Coin/BaseLibs/db-6.1.26.NC/build_unix -I/c/deps/boost_1_57_0 -I/d/Coin/BaseLibs/openssl-1.0.2d/include -I/d/Coin/BaseLibs -I/d/Coin/BaseLibs/protobuf-2.6.1/src -I/d/Coin/BaseLibs/libpng-1.6.16 -I/d/Coin/BaseLibs/qrencode-3.4.4 -I/d/Coin/BaseLibs/gmp-6.0.0 -DDLL_EXPORT -DPIC -DPIC conftest.c >&5
configure:8116: $? = 0
configure:8129: result: yes
configure:8158: checking if gcc static flag -static works
configure:8186: result: yes
configure:8201: checking if gcc supports -c -o file.o
configure:8222: gcc -c -g -O2 -I/d/Coin/BaseLibs/db-6.1.26.NC/build_unix -I/c/deps/boost_1_57_0 -I/d/Coin/BaseLibs/openssl-1.0.2d/include -I/d/Coin/BaseLibs -I/d/Coin/BaseLibs/protobuf-2.6.1/src -I/d/Coin/BaseLibs/libpng-1.6.16 -I/d/Coin/BaseLibs/qrencode-3.4.4 -I/d/Coin/BaseLibs/gmp-6.0.0 -o out/conftest2.o conftest.c >&5
configure:8226: $? = 0
configure:8248: result: yes
configure:8256: checking if gcc supports -c -o file.o
configure:8303: result: yes
configure:8336: checking whether the gcc linker (c:/mingw32/i686-w64-mingw32/bin/ld.exe) supports shared libraries
configure:9494: result: yes
configure:9739: checking dynamic linker characteristics
configure:10481: result: Win32 ld.exe
configure:10588: checking how to hardcode library paths into programs
configure:10613: result: immediate
configure:11153: checking whether stripping libraries is possible
configure:11158: result: yes
configure:11193: checking if libtool supports shared libraries
configure:11195: result: yes
configure:11198: checking whether to build shared libraries
configure:11219: result: no
configure:11222: checking whether to build static libraries
configure:11226: result: yes
configure:11323: checking for ar
configure:11341: found /c/mingw32/bin/ar
configure:11353: result: /c/mingw32/bin/ar
configure:11421: checking for ranlib
configure:11439: found /c/mingw32/bin/ranlib
configure:11451: result: /c/mingw32/bin/ranlib
configure:11519: checking for strip
configure:11537: found /c/mingw32/bin/strip
configure:11549: result: /c/mingw32/bin/strip
configure:11572: checking for gcc option to accept ISO C99
configure:11721: gcc  -c -g -O2 -I/d/Coin/BaseLibs/db-6.1.26.NC/build_unix -I/c/deps/boost_1_57_0 -I/d/Coin/BaseLibs/openssl-1.0.2d/include -I/d/Coin/BaseLibs -I/d/Coin/BaseLibs/protobuf-2.6.1/src -I/d/Coin/BaseLibs/libpng-1.6.16 -I/d/Coin/BaseLibs/qrencode-3.4.4 -I/d/Coin/BaseLibs/gmp-6.0.0 conftest.c >&5
conftest.c:72:29: error: expected ';', ',' or ')' before 'text'
 test_restrict (ccp restrict text)
                             ^
conftest.c: In function 'main':
conftest.c:126:18: error: expected '=', ',', ';', 'asm' or '__attribute__' before 'newvar'
   char *restrict newvar = "Another string";
                  ^
conftest.c:126:18: error: 'newvar' undeclared (first use in this function)
conftest.c:126:18: note: each undeclared identifier is reported only once for each function it appears in
conftest.c:136:3: error: 'for' loop initial declarations are only allowed in C99 or C11 mode
   for (int i = 0; i < ia->datasize; ++i)
   ^
conftest.c:136:3: note: use option -std=c99, -std=gnu99, -std=c11 or -std=gnu11 to compile your code
configure:11721: $? = 1
configure: failed program was:
| /* confdefs.h */
| #define PACKAGE_NAME "libsecp256k1"
| #define PACKAGE_TARNAME "libsecp256k1"
| #define PACKAGE_VERSION "0.1"
| #define PACKAGE_STRING "libsecp256k1 0.1"
| #define PACKAGE_BUGREPORT ""
| #define PACKAGE_URL ""
| #define PACKAGE "libsecp256k1"
| #define VERSION "0.1"
| #define STDC_HEADERS 1
| #define HAVE_SYS_TYPES_H 1
| #define HAVE_SYS_STAT_H 1
| #define HAVE_STDLIB_H 1
| #define HAVE_STRING_H 1
| #define HAVE_MEMORY_H 1
| #define HAVE_STRINGS_H 1
| #define HAVE_INTTYPES_H 1
| #define HAVE_STDINT_H 1
| #define HAVE_UNISTD_H 1
| #define LT_OBJDIR ".libs/"
| /* end confdefs.h.  */
| #include <stdarg.h>
| #include <stdbool.h>
| #include <stdlib.h>
| #include <wchar.h>
| #include <stdio.h>
| 
| // Check varargs macros.  These examples are taken from C99 6.10.3.5.
| #define debug(...) fprintf (stderr, __VA_ARGS__)
| #define showlist(...) puts (#__VA_ARGS__)
| #define report(test,...) ((test) ? puts (#test) : printf (__VA_ARGS__))
| static void
| test_varargs_macros (void)
| {
|   int x = 1234;
|   int y = 5678;
|   debug ("Flag");
|   debug ("X = %d\n", x);
|   showlist (The first, second, and third items.);
|   report (x>y, "x is %d but y is %d", x, y);
| }
| 
| // Check long long types.
| #define BIG64 18446744073709551615ull
| #define BIG32 4294967295ul
| #define BIG_OK (BIG64 / BIG32 == 4294967297ull && BIG64 % BIG32 == 0)
| #if !BIG_OK
|   your preprocessor is broken;
| #endif
| #if BIG_OK
| #else
|   your preprocessor is broken;
| #endif
| static long long int bignum = -9223372036854775807LL;
| static unsigned long long int ubignum = BIG64;
| 
| struct incomplete_array
| {
|   int datasize;
|   double data[];
| };
| 
| struct named_init {
|   int number;
|   const wchar_t *name;
|   double average;
| };
| 
| typedef const char *ccp;
| 
| static inline int
| test_restrict (ccp restrict text)
| {
|   // See if C++-style comments work.
|   // Iterate through items via the restricted pointer.
|   // Also check for declarations in for loops.
|   for (unsigned int i = 0; *(text+i) != '\0'; ++i)
|     continue;
|   return 0;
| }
| 
| // Check varargs and va_copy.
| static void
| test_varargs (const char *format, ...)
| {
|   va_list args;
|   va_start (args, format);
|   va_list args_copy;
|   va_copy (args_copy, args);
| 
|   const char *str;
|   int number;
|   float fnumber;
| 
|   while (*format)
|     {
|       switch (*format++)
| 	{
| 	case 's': // string
| 	  str = va_arg (args_copy, const char *);
| 	  break;
| 	case 'd': // int
| 	  number = va_arg (args_copy, int);
| 	  break;
| 	case 'f': // float
| 	  fnumber = va_arg (args_copy, double);
| 	  break;
| 	default:
| 	  break;
| 	}
|     }
|   va_end (args_copy);
|   va_end (args);
| }
| 
| int
| main ()
| {
| 
|   // Check bool.
|   _Bool success = false;
| 
|   // Check restrict.
|   if (test_restrict ("String literal") == 0)
|     success = true;
|   char *restrict newvar = "Another string";
| 
|   // Check varargs.
|   test_varargs ("s, d' f .", "string", 65, 34.234);
|   test_varargs_macros ();
| 
|   // Check flexible array members.
|   struct incomplete_array *ia =
|     malloc (sizeof (struct incomplete_array) + (sizeof (double) * 10));
|   ia->datasize = 10;
|   for (int i = 0; i < ia->datasize; ++i)
|     ia->data[i] = i * 1.234;
| 
|   // Check named initializers.
|   struct named_init ni = {
|     .number = 34,
|     .name = L"Test wide string",
|     .average = 543.34343,
|   };
| 
|   ni.number = 58;
| 
|   int dynamic_array[ni.number];
|   dynamic_array[ni.number - 1] = 543;
| 
|   // work around unused variable warnings
|   return (!success || bignum == 0LL || ubignum == 0uLL || newvar[0] == 'x'
| 	  || dynamic_array[ni.number - 1] != 543);
| 
|   ;
|   return 0;
| }
configure:11721: gcc -std=gnu99 -c -g -O2 -I/d/Coin/BaseLibs/db-6.1.26.NC/build_unix -I/c/deps/boost_1_57_0 -I/d/Coin/BaseLibs/openssl-1.0.2d/include -I/d/Coin/BaseLibs -I/d/Coin/BaseLibs/protobuf-2.6.1/src -I/d/Coin/BaseLibs/libpng-1.6.16 -I/d/Coin/BaseLibs/qrencode-3.4.4 -I/d/Coin/BaseLibs/gmp-6.0.0 conftest.c >&5
configure:11721: $? = 0
configure:11741: result: -std=gnu99
configure:11872: checking if gcc -std=gnu99 supports -Wall -Wextra -Wcast-align -Wnested-externs -Wshadow -Wstrict-prototypes -Wno-unused-function
configure:11878: gcc -std=gnu99 -c -g -O2 -W -Wall -Wextra -Wcast-align -Wnested-externs -Wshadow -Wstrict-prototypes -Wno-unused-function -I/d/Coin/BaseLibs/db-6.1.26.NC/build_unix -I/c/deps/boost_1_57_0 -I/d/Coin/BaseLibs/openssl-1.0.2d/include -I/d/Coin/BaseLibs -I/d/Coin/BaseLibs/protobuf-2.6.1/src -I/d/Coin/BaseLibs/libpng-1.6.16 -I/d/Coin/BaseLibs/qrencode-3.4.4 -I/d/Coin/BaseLibs/gmp-6.0.0 conftest.c >&5
configure:11878: $? = 0
configure:11879: result: yes
configure:11941: checking for __int128
configure:11941: gcc -std=gnu99 -c -g -O2 -W -Wall -Wextra -Wcast-align -Wnested-externs -Wshadow -Wstrict-prototypes -Wno-unused-function -I/d/Coin/BaseLibs/db-6.1.26.NC/build_unix -I/c/deps/boost_1_57_0 -I/d/Coin/BaseLibs/openssl-1.0.2d/include -I/d/Coin/BaseLibs -I/d/Coin/BaseLibs/protobuf-2.6.1/src -I/d/Coin/BaseLibs/libpng-1.6.16 -I/d/Coin/BaseLibs/qrencode-3.4.4 -I/d/Coin/BaseLibs/gmp-6.0.0 conftest.c >&5
conftest.c:56:1: warning: function declaration isn't a prototype [-Wstrict-prototypes]
 main ()
 ^
conftest.c: In function 'main':
conftest.c:58:13: error: '__int128' is not supported for this target
 if (sizeof (__int128))
             ^
conftest.c:58:1: warning: type defaults to 'int' in type name
 if (sizeof (__int128))
 ^
configure:11941: $? = 1
configure: failed program was:
| /* confdefs.h */
| #define PACKAGE_NAME "libsecp256k1"
| #define PACKAGE_TARNAME "libsecp256k1"
| #define PACKAGE_VERSION "0.1"
| #define PACKAGE_STRING "libsecp256k1 0.1"
| #define PACKAGE_BUGREPORT ""
| #define PACKAGE_URL ""
| #define PACKAGE "libsecp256k1"
| #define VERSION "0.1"
| #define STDC_HEADERS 1
| #define HAVE_SYS_TYPES_H 1
| #define HAVE_SYS_STAT_H 1
| #define HAVE_STDLIB_H 1
| #define HAVE_STRING_H 1
| #define HAVE_MEMORY_H 1
| #define HAVE_STRINGS_H 1
| #define HAVE_INTTYPES_H 1
| #define HAVE_STDINT_H 1
| #define HAVE_UNISTD_H 1
| #define LT_OBJDIR ".libs/"
| /* end confdefs.h.  */
| #include <stdio.h>
| #ifdef HAVE_SYS_TYPES_H
| # include <sys/types.h>
| #endif
| #ifdef HAVE_SYS_STAT_H
| # include <sys/stat.h>
| #endif
| #ifdef STDC_HEADERS
| # include <stdlib.h>
| # include <stddef.h>
| #else
| # ifdef HAVE_STDLIB_H
| #  include <stdlib.h>
| # endif
| #endif
| #ifdef HAVE_STRING_H
| # if !defined STDC_HEADERS && defined HAVE_MEMORY_H
| #  include <memory.h>
| # endif
| # include <string.h>
| #endif
| #ifdef HAVE_STRINGS_H
| # include <strings.h>
| #endif
| #ifdef HAVE_INTTYPES_H
| # include <inttypes.h>
| #endif
| #ifdef HAVE_STDINT_H
| # include <stdint.h>
| #endif
| #ifdef HAVE_UNISTD_H
| # include <unistd.h>
| #endif
| int
| main ()
| {
| if (sizeof (__int128))
| 	 return 0;
|   ;
|   return 0;
| }
configure:11941: result: no
configure:11952: checking whether __builtin_expect is declared
configure:11952: gcc -std=gnu99 -c -g -O2 -W -Wall -Wextra -Wcast-align -Wnested-externs -Wshadow -Wstrict-prototypes -Wno-unused-function -I/d/Coin/BaseLibs/db-6.1.26.NC/build_unix -I/c/deps/boost_1_57_0 -I/d/Coin/BaseLibs/openssl-1.0.2d/include -I/d/Coin/BaseLibs -I/d/Coin/BaseLibs/protobuf-2.6.1/src -I/d/Coin/BaseLibs/libpng-1.6.16 -I/d/Coin/BaseLibs/qrencode-3.4.4 -I/d/Coin/BaseLibs/gmp-6.0.0 conftest.c >&5
conftest.c:56:1: warning: function declaration isn't a prototype [-Wstrict-prototypes]
 main ()
 ^
configure:11952: $? = 0
configure:11952: result: yes
configure:12152: Using field implementation: 32bit
configure:12154: Using bignum implementation: none
configure:12156: Using scalar implementation: 32bit
configure:12339: creating ./config.status

## ---------------------- ##
## Running config.status. ##
## ---------------------- ##

This file was extended by libsecp256k1 config.status 0.1, which was
generated by GNU Autoconf 2.68.  Invocation command line was

  CONFIG_FILES    = 
  CONFIG_HEADERS  = 
  CONFIG_LINKS    = 
  CONFIG_COMMANDS = 
  $ ./config.status 

on DC01Pi337

config.status:1124: creating Makefile
config.status:1124: creating libsecp256k1.pc
config.status:1124: creating src/libsecp256k1-config.h
config.status:1305: src/libsecp256k1-config.h is unchanged
config.status:1353: executing depfiles commands
config.status:1353: executing libtool commands

## ---------------- ##
## Cache variables. ##
## ---------------- ##

ac_cv_build=i686-pc-mingw32
ac_cv_c_compiler_gnu=yes
ac_cv_env_CC_set=
ac_cv_env_CC_value=
ac_cv_env_CFLAGS_set=
ac_cv_env_CFLAGS_value=
ac_cv_env_CPPFLAGS_set=set
ac_cv_env_CPPFLAGS_value='-I/d/Coin/BaseLibs/db-6.1.26.NC/build_unix -I/c/deps/boost_1_57_0 -I/d/Coin/BaseLibs/openssl-1.0.2d/include -I/d/Coin/BaseLibs -I/d/Coin/BaseLibs/protobuf-2.6.1/src -I/d/Coin/BaseLibs/libpng-1.6.16 -I/d/Coin/BaseLibs/qrencode-3.4.4 -I/d/Coin/BaseLibs/gmp-6.0.0'
ac_cv_env_CPP_set=
ac_cv_env_CPP_value=
ac_cv_env_LDFLAGS_set=set
ac_cv_env_LDFLAGS_value='-L/d/Coin/BaseLibs/db-6.1.26.NC/build_unix -L/c/deps/boost_1_57_0/stage/lib -L/d/Coin/BaseLibs/openssl-1.0.2d -L/d/Coin/BaseLibs/miniupnpc-1.9 -L/d/Coin/BaseLibs/protobuf-2.6.1/src/.libs -L/d/Coin/BaseLibs/libpng-1.6.16/.libs -L/d/Coin/BaseLibs/qrencode-3.4.4/.libs -L/d/Coin/BaseLibs/gmp-6.0.0/.libs'
ac_cv_env_LIBS_set=
ac_cv_env_LIBS_value=
ac_cv_env_build_alias_set=
ac_cv_env_build_alias_value=
ac_cv_env_host_alias_set=
ac_cv_env_host_alias_value=
ac_cv_env_target_alias_set=
ac_cv_env_target_alias_value=
ac_cv_exeext=.exe
ac_cv_have_decl___builtin_expect=yes
ac_cv_header_dlfcn_h=no
ac_cv_header_inttypes_h=yes
ac_cv_header_memory_h=yes
ac_cv_header_stdc=yes
ac_cv_header_stdint_h=yes
ac_cv_header_stdlib_h=yes
ac_cv_header_string_h=yes
ac_cv_header_strings_h=yes
ac_cv_header_sys_stat_h=yes
ac_cv_header_sys_types_h=yes
ac_cv_header_unistd_h=yes
ac_cv_host=i686-pc-mingw32
ac_cv_objext=o
ac_cv_path_EGREP='/bin/grep -E'
ac_cv_path_FGREP='/bin/grep -F'
ac_cv_path_GREP=/bin/grep
ac_cv_path_SED=/bin/sed
ac_cv_path_ac_pt_AR=/c/mingw32/bin/ar
ac_cv_path_ac_pt_RANLIB=/c/mingw32/bin/ranlib
ac_cv_path_ac_pt_STRIP=/c/mingw32/bin/strip
ac_cv_path_install='/bin/install -c'
ac_cv_path_mkdir=/bin/mkdir
ac_cv_prog_AWK=gawk
ac_cv_prog_CPP='gcc -E'
ac_cv_prog_ac_ct_AR=ar
ac_cv_prog_ac_ct_CC=gcc
ac_cv_prog_ac_ct_DLLTOOL=dlltool
ac_cv_prog_ac_ct_OBJDUMP=objdump
ac_cv_prog_ac_ct_RANLIB=ranlib
ac_cv_prog_ac_ct_STRIP=strip
ac_cv_prog_cc_c89=
ac_cv_prog_cc_c99=-std=gnu99
ac_cv_prog_cc_g=yes
ac_cv_prog_make_make_set=yes
ac_cv_type___int128=no
am_cv_CC_dependencies_compiler_type=gcc3
lt_cv_ar_at_file=@
lt_cv_deplibs_check_method='file_magic ^x86 archive import|^x86 DLL'
lt_cv_file_magic_cmd=func_win32_libid
lt_cv_file_magic_test_file=
lt_cv_ld_reload_flag=-r
lt_cv_nm_interface='BSD nm'
lt_cv_objdir=.libs
lt_cv_path_LD=c:/mingw32/i686-w64-mingw32/bin/ld.exe
lt_cv_path_NM=/c/mingw32/bin/nm
lt_cv_path_mainfest_tool=no
lt_cv_prog_compiler_c_o=yes
lt_cv_prog_compiler_pic='-DDLL_EXPORT -DPIC'
lt_cv_prog_compiler_pic_works=yes
lt_cv_prog_compiler_rtti_exceptions=no
lt_cv_prog_compiler_static_works=yes
lt_cv_prog_gnu_ld=yes
lt_cv_sharedlib_from_linklib_cmd=func_cygming_dll_for_implib
lt_cv_sys_global_symbol_pipe='sed -n -e '\''s/^.*[	 ]\([ABCDGIRSTW][ABCDGIRSTW]*\)[	 ][	 ]*_\([_A-Za-z][_A-Za-z0-9]*\)\{0,1\}$/\1 _\2 \2/p'\'' | sed '\''/ __gnu_lto/d'\'''
lt_cv_sys_global_symbol_to_c_name_address='sed -n -e '\''s/^: \([^ ]*\)[ ]*$/  {\"\1\", (void *) 0},/p'\'' -e '\''s/^[ABCDGIRSTW]* \([^ ]*\) \([^ ]*\)$/  {"\2", (void *) \&\2},/p'\'''
lt_cv_sys_global_symbol_to_c_name_address_lib_prefix='sed -n -e '\''s/^: \([^ ]*\)[ ]*$/  {\"\1\", (void *) 0},/p'\'' -e '\''s/^[ABCDGIRSTW]* \([^ ]*\) \(lib[^ ]*\)$/  {"\2", (void *) \&\2},/p'\'' -e '\''s/^[ABCDGIRSTW]* \([^ ]*\) \([^ ]*\)$/  {"lib\2", (void *) \&\2},/p'\'''
lt_cv_sys_global_symbol_to_cdecl='sed -n -e '\''s/^T .* \(.*\)$/extern int \1();/p'\'' -e '\''s/^[ABCDGIRSTW]* .* \(.*\)$/extern char \1;/p'\'''
lt_cv_sys_max_cmd_len=8192
lt_cv_to_host_file_cmd=func_convert_file_msys_to_w32
lt_cv_to_tool_file_cmd=func_convert_file_msys_to_w32

## ----------------- ##
## Output variables. ##
## ----------------- ##

ACLOCAL='${SHELL} /g/CBSL-1.0.0.0/src/secp256k1/build-aux/missing --run aclocal-1.11'
AMDEPBACKSLASH='\'
AMDEP_FALSE='#'
AMDEP_TRUE=''
AMTAR='${SHELL} /g/CBSL-1.0.0.0/src/secp256k1/build-aux/missing --run tar'
AM_BACKSLASH='\'
AM_DEFAULT_VERBOSITY='0'
AR='/c/mingw32/bin/ar'
AUTOCONF='${SHELL} /g/CBSL-1.0.0.0/src/secp256k1/build-aux/missing --run autoconf'
AUTOHEADER='${SHELL} /g/CBSL-1.0.0.0/src/secp256k1/build-aux/missing --run autoheader'
AUTOMAKE='${SHELL} /g/CBSL-1.0.0.0/src/secp256k1/build-aux/missing --run automake-1.11'
AWK='gawk'
BREW=''
CC='gcc -std=gnu99'
CCDEPMODE='depmode=gcc3'
CFLAGS='-g -O2 -W -Wall -Wextra -Wcast-align -Wnested-externs -Wshadow -Wstrict-prototypes -Wno-unused-function'
CPP='gcc -E'
CPPFLAGS='-I/d/Coin/BaseLibs/db-6.1.26.NC/build_unix -I/c/deps/boost_1_57_0 -I/d/Coin/BaseLibs/openssl-1.0.2d/include -I/d/Coin/BaseLibs -I/d/Coin/BaseLibs/protobuf-2.6.1/src -I/d/Coin/BaseLibs/libpng-1.6.16 -I/d/Coin/BaseLibs/qrencode-3.4.4 -I/d/Coin/BaseLibs/gmp-6.0.0'
CYGPATH_W='echo'
DEFS='-DHAVE_CONFIG_H'
DEPDIR='.deps'
DLLTOOL='dlltool'
DSYMUTIL=''
DUMPBIN=''
ECHO_C=''
ECHO_N='-n'
ECHO_T=''
EGREP='/bin/grep -E'
EXEEXT='.exe'
FGREP='/bin/grep -F'
GREP='/bin/grep'
INSTALL_DATA='${INSTALL} -m 644'
INSTALL_PROGRAM='${INSTALL}'
INSTALL_SCRIPT='${INSTALL}'
INSTALL_STRIP_PROGRAM='$(install_sh) -c -s'
LD='c:/mingw32/i686-w64-mingw32/bin/ld.exe'
LDFLAGS='-L/d/Coin/BaseLibs/db-6.1.26.NC/build_unix -L/c/deps/boost_1_57_0/stage/lib -L/d/Coin/BaseLibs/openssl-1.0.2d -L/d/Coin/BaseLibs/miniupnpc-1.9 -L/d/Coin/BaseLibs/protobuf-2.6.1/src/.libs -L/d/Coin/BaseLibs/libpng-1.6.16/.libs -L/d/Coin/BaseLibs/qrencode-3.4.4/.libs -L/d/Coin/BaseLibs/gmp-6.0.0/.libs'
LIBOBJS=''
LIBS=''
LIBTOOL='$(SHELL) $(top_builddir)/libtool'
LIPO=''
LN_S='cp -p'
LTLIBOBJS=''
MAKEINFO='${SHELL} /g/CBSL-1.0.0.0/src/secp256k1/build-aux/missing --run makeinfo'
MANIFEST_TOOL=':'
MKDIR_P='/bin/mkdir -p'
NM='/c/mingw32/bin/nm'
NMEDIT=''
OBJDUMP='objdump'
OBJEXT='o'
OTOOL64=''
OTOOL=''
PACKAGE='libsecp256k1'
PACKAGE_BUGREPORT=''
PACKAGE_NAME='libsecp256k1'
PACKAGE_STRING='libsecp256k1 0.1'
PACKAGE_TARNAME='libsecp256k1'
PACKAGE_URL=''
PACKAGE_VERSION='0.1'
PATH_SEPARATOR=':'
PORT=''
RANLIB='/c/mingw32/bin/ranlib'
SECP_INCLUDES=''
SECP_LIBS=''
SECP_TEST_INCLUDES=''
SECP_TEST_LIBS=''
SED='/bin/sed'
SET_MAKE=''
SHELL='/bin/sh'
STRIP='/c/mingw32/bin/strip'
USE_ASM_FALSE=''
USE_ASM_TRUE='#'
USE_BENCHMARK_FALSE='#'
USE_BENCHMARK_TRUE=''
USE_TESTS_FALSE=''
USE_TESTS_TRUE='#'
VERSION='0.1'
YASM_BINFMT=''
ac_ct_AR='ar'
ac_ct_CC='gcc'
ac_ct_DUMPBIN=''
am__EXEEXT_FALSE='#'
am__EXEEXT_TRUE=''
am__fastdepCC_FALSE='#'
am__fastdepCC_TRUE=''
am__include='include'
am__isrc=''
am__leading_dot='.'
am__quote=''
am__tar='${AMTAR} chof - "$$tardir"'
am__untar='${AMTAR} xf -'
bindir='${exec_prefix}/bin'
build='i686-pc-mingw32'
build_alias=''
build_cpu='i686'
build_os='mingw32'
build_vendor='pc'
datadir='${datarootdir}'
datarootdir='${prefix}/share'
docdir='${datarootdir}/doc/${PACKAGE_TARNAME}'
dvidir='${docdir}'
exec_prefix='${prefix}'
host='i686-pc-mingw32'
host_alias=''
host_cpu='i686'
host_os='mingw32'
host_vendor='pc'
htmldir='${docdir}'
includedir='${prefix}/include'
infodir='${datarootdir}/info'
install_sh='${SHELL} /g/CBSL-1.0.0.0/src/secp256k1/build-aux/install-sh'
libdir='${exec_prefix}/lib'
libexecdir='${exec_prefix}/libexec'
localedir='${datarootdir}/locale'
localstatedir='${prefix}/var'
mandir='${datarootdir}/man'
mkdir_p='/bin/mkdir -p'
oldincludedir='/usr/include'
pdfdir='${docdir}'
prefix='/usr/local'
program_transform_name='s,x,x,'
psdir='${docdir}'
sbindir='${exec_prefix}/sbin'
sharedstatedir='${prefix}/com'
sysconfdir='${prefix}/etc'
target_alias=''

## ----------- ##
## confdefs.h. ##
## ----------- ##

/* confdefs.h */
#define PACKAGE_NAME "libsecp256k1"
#define PACKAGE_TARNAME "libsecp256k1"
#define PACKAGE_VERSION "0.1"
#define PACKAGE_STRING "libsecp256k1 0.1"
#define PACKAGE_BUGREPORT ""
#define PACKAGE_URL ""
#define PACKAGE "libsecp256k1"
#define VERSION "0.1"
#define STDC_HEADERS 1
#define HAVE_SYS_TYPES_H 1
#define HAVE_SYS_STAT_H 1
#define HAVE_STDLIB_H 1
#define HAVE_STRING_H 1
#define HAVE_MEMORY_H 1
#define HAVE_STRINGS_H 1
#define HAVE_INTTYPES_H 1
#define HAVE_STDINT_H 1
#define HAVE_UNISTD_H 1
#define LT_OBJDIR ".libs/"
#define HAVE_BUILTIN_EXPECT 1
#define USE_FIELD_10X26 1
#define USE_NUM_NONE 1
#define USE_FIELD_INV_BUILTIN 1
#define USE_SCALAR_INV_BUILTIN 1
#define USE_SCALAR_8X32 1

configure: exit 0
